<?xml version="1.0" encoding="UTF-8"?>
<!-- Generated by org.testng.reporters.JUnitXMLReporter -->
<testsuite hostname="ANOOP-PC" ignored="0" name="Default test" tests="4" failures="0" timestamp="12 Dec 2018 19:27:49 GMT" time="0.237" errors="0">
  <testcase name="funtionname1" time="0.021" classname="CucumberTest.anothertest"/>
  <testcase name="funtionname2" time="0.005" classname="CucumberTest.anothertest"/>
  <testcase name="funtionname4" time="0.004" classname="CucumberTest.anothertest"/>
  <testcase name="funtionname4" time="0.004" classname="CucumberTest.anothertest"/>
</testsuite> <!-- Default test -->
