<?xml version="1.0" encoding="UTF-8"?>
<!-- Generated by org.testng.reporters.JUnitXMLReporter -->
<testsuite hostname="ANOOP-PC" ignored="0" name="Test" tests="5" failures="0" timestamp="12 Dec 2018 18:45:36 GMT" time="0.169" errors="0">
  <testcase name="dologin" time="0.017" classname="CucumberTest.testngtes"/>
  <testcase name="funtionname1" time="0.004" classname="CucumberTest.anothertest"/>
  <testcase name="funtionname2" time="0.003" classname="CucumberTest.anothertest"/>
  <testcase name="funtionname4" time="0.004" classname="CucumberTest.anothertest"/>
  <testcase name="funtionname4" time="0.005" classname="CucumberTest.anothertest"/>
</testsuite> <!-- Test -->
