<?xml version="1.0" encoding="UTF-8"?>
<!-- Generated by org.testng.reporters.JUnitXMLReporter -->
<testsuite hostname="ANOOP-PC" ignored="0" name="Test" tests="5" failures="0" timestamp="12 Dec 2018 19:13:53 GMT" time="0.045" errors="0">
  <testcase name="dologin" time="0.002" classname="CucumberTest.testngtes"/>
  <testcase name="funtionname1" time="0.0" classname="CucumberTest.anothertest"/>
  <testcase name="funtionname2" time="0.0" classname="CucumberTest.anothertest"/>
  <testcase name="funtionname4" time="0.001" classname="CucumberTest.anothertest"/>
  <testcase name="funtionname4" time="0.0" classname="CucumberTest.anothertest"/>
</testsuite> <!-- Test -->
