<?xml version="1.0" encoding="UTF-8"?>
<testsuite xmlns:xsi="http://www.w3.org/2001/XMLSchema-instance" xsi:noNamespaceSchemaLocation="https://maven.apache.org/surefire/maven-surefire-plugin/xsd/surefire-test-report-3.0.xsd" version="3.0" name="TestSuite" time="1.511" tests="5" errors="0" skipped="0" failures="0">
  <properties>
[...]
</properties>
  <testcase name="dologin" classname="CucumberTest.testngtes" time="0.003"/>
  <testcase name="funtionname1" classname="CucumberTest.anothertest" time="0.001"/>
  <testcase name="funtionname2" classname="CucumberTest.anothertest" time="0"/>
  <testcase name="funtionname4" classname="CucumberTest.anothertest" time="0"/>
  <testcase name="funtionname4" classname="CucumberTest.anothertest" time="0.001"/>
</testsuite>